<?xml version="1.0" encoding="UTF-8"?>
<!-- Generated by org.testng.reporters.JUnitReportReporter -->
<testsuite skipped="0" hostname="Admin-PC" name="com.selenium.javascriptExecutor.Enable_disable_Element" tests="1" failures="0" timestamp="06 Jan 2019 09:36:50 GMT" time="25.270" errors="0">
  <testcase name="enable_disable" time="25.270" classname="com.selenium.javascriptExecutor.Enable_disable_Element"/>
</testsuite> <!-- com.selenium.javascriptExecutor.Enable_disable_Element -->
