<?xml version="1.0" encoding="UTF-8"?>
<!-- Generated by org.testng.reporters.JUnitReportReporter -->
<testsuite skipped="0" hostname="Admin-PC" name="com.selenium.javascriptExecutor.Click" tests="1" failures="0" timestamp="06 Jan 2019 08:44:19 GMT" time="16.923" errors="0">
  <testcase name="basicsJs" time="16.923" classname="com.selenium.javascriptExecutor.Click"/>
</testsuite> <!-- com.selenium.javascriptExecutor.Click -->
