<?xml version="1.0" encoding="UTF-8"?>
<!-- Generated by org.testng.reporters.JUnitReportReporter -->
<testsuite skipped="0" hostname="Admin-PC" name="com.selenium.javascriptExecutor.Border" tests="1" failures="0" timestamp="06 Jan 2019 17:53:34 GMT" time="7.535" errors="0">
  <testcase name="setBorder" time="7.535" classname="com.selenium.javascriptExecutor.Border"/>
</testsuite> <!-- com.selenium.javascriptExecutor.Border -->
