<?xml version="1.0" encoding="UTF-8"?>
<!-- Generated by org.testng.reporters.JUnitReportReporter -->
<testsuite skipped="0" hostname="Admin-PC" name="com.selenium.javascriptExecutor.JSBasics" tests="1" failures="0" timestamp="06 Jan 2019 08:26:54 GMT" time="8.647" errors="0">
  <testcase name="basicsJs" time="8.647" classname="com.selenium.javascriptExecutor.JSBasics"/>
</testsuite> <!-- com.selenium.javascriptExecutor.JSBasics -->
