<?xml version="1.0" encoding="UTF-8"?>
<!-- Generated by org.testng.reporters.JUnitReportReporter -->
<testsuite skipped="0" hostname="Admin-PC" name="com.selenium.robot.UploadUsingAutoIT" tests="1" failures="0" timestamp="12 Feb 2019 14:51:04 GMT" time="45.506" errors="0">
  <testcase name="upload" time="45.506" classname="com.selenium.robot.UploadUsingAutoIT"/>
</testsuite> <!-- com.selenium.robot.UploadUsingAutoIT -->
