<?xml version="1.0" encoding="UTF-8"?>
<!-- Generated by org.testng.reporters.JUnitReportReporter -->
<testsuite skipped="0" hostname="Admin-PC" name="com.selenium.robot.UploadUsingRobot" tests="1" failures="0" timestamp="12 Feb 2019 14:47:08 GMT" time="64.012" errors="0">
  <testcase name="upload" time="64.012" classname="com.selenium.robot.UploadUsingRobot"/>
</testsuite> <!-- com.selenium.robot.UploadUsingRobot -->
