<?xml version="1.0" encoding="UTF-8"?>
<!-- Generated by org.testng.reporters.JUnitReportReporter -->
<testsuite skipped="0" hostname="Admin-PC" name="com.selenium.robot.Notepad" tests="1" failures="0" timestamp="06 Jan 2019 06:12:00 GMT" time="3.013" errors="0">
  <testcase name="note" time="3.013" classname="com.selenium.robot.Notepad"/>
</testsuite> <!-- com.selenium.robot.Notepad -->
