<?xml version="1.0" encoding="UTF-8"?>
<!-- Generated by org.testng.reporters.JUnitReportReporter -->
<testsuite skipped="0" hostname="Admin-PC" name="com.selenium.javascriptExecutor.Type" tests="1" failures="0" timestamp="06 Jan 2019 08:50:21 GMT" time="11.809" errors="0">
  <testcase name="basicsJs" time="11.809" classname="com.selenium.javascriptExecutor.Type"/>
</testsuite> <!-- com.selenium.javascriptExecutor.Type -->
