<?xml version="1.0" encoding="UTF-8"?>
<!-- Generated by org.testng.reporters.JUnitReportReporter -->
<testsuite skipped="0" hostname="Admin-PC" name="com.selenium.javascriptExecutor.HighLightElementDemo" tests="1" failures="0" timestamp="06 Jan 2019 17:44:53 GMT" time="18.218" errors="0">
  <testcase name="demo" time="18.218" classname="com.selenium.javascriptExecutor.HighLightElementDemo"/>
</testsuite> <!-- com.selenium.javascriptExecutor.HighLightElementDemo -->
