<?xml version="1.0" encoding="UTF-8"?>
<!-- Generated by org.testng.reporters.JUnitReportReporter -->
<testsuite skipped="0" hostname="Admin-PC" name="com.selenium.javascriptExecutor.Scrolling" tests="1" failures="0" timestamp="06 Jan 2019 09:19:01 GMT" time="37.799" errors="0">
  <testcase name="basicsJs" time="37.799" classname="com.selenium.javascriptExecutor.Scrolling"/>
</testsuite> <!-- com.selenium.javascriptExecutor.Scrolling -->
