<?xml version="1.0" encoding="UTF-8"?>
<!-- Generated by org.testng.reporters.JUnitReportReporter -->
<testsuite skipped="0" hostname="Admin-PC" name="com.selenium.robot.CalculatorFeb" tests="1" failures="0" timestamp="12 Feb 2019 12:44:10 GMT" time="16.250" errors="0">
  <testcase name="myCalci" time="16.250" classname="com.selenium.robot.CalculatorFeb"/>
</testsuite> <!-- com.selenium.robot.CalculatorFeb -->
