<?xml version="1.0" encoding="UTF-8"?>
<!-- Generated by org.testng.reporters.JUnitReportReporter -->
<testsuite skipped="0" hostname="Admin-PC" name="com.selenium.javascriptExecutor.RefreshBackForward" tests="1" failures="0" timestamp="06 Jan 2019 08:56:15 GMT" time="73.660" errors="0">
  <testcase name="basicsJs" time="73.660" classname="com.selenium.javascriptExecutor.RefreshBackForward"/>
</testsuite> <!-- com.selenium.javascriptExecutor.RefreshBackForward -->
