<?xml version="1.0" encoding="UTF-8"?>
<!-- Generated by org.testng.reporters.JUnitReportReporter -->
<testsuite skipped="0" hostname="Admin-PC" name="com.selenium.robot.Calculator" tests="1" failures="0" timestamp="06 Jan 2019 17:49:04 GMT" time="27.555" errors="0">
  <testcase name="calci" time="27.555" classname="com.selenium.robot.Calculator"/>
</testsuite> <!-- com.selenium.robot.Calculator -->
