<?xml version="1.0" encoding="UTF-8"?>
<!-- Generated by org.testng.reporters.JUnitReportReporter -->
<testsuite skipped="0" hostname="Admin-PC" name="com.selenium.robot.Notepad1" tests="1" failures="0" timestamp="06 Jan 2019 06:39:49 GMT" time="20.233" errors="0">
  <testcase name="notepad" time="20.233" classname="com.selenium.robot.Notepad1"/>
</testsuite> <!-- com.selenium.robot.Notepad1 -->
